<?xml version="1.0" encoding="UTF-8"?>
<testng-results skipped="0" failed="1" ignored="0" total="7" passed="6">
  <reporter-output>
  </reporter-output>
  <suite name="Default suite" duration-ms="2479" started-at="2017-03-11T18:15:54Z" finished-at="2017-03-11T18:15:56Z">
    <groups>
    </groups>
    <test name="Default test" duration-ms="2479" started-at="2017-03-11T18:15:54Z" finished-at="2017-03-11T18:15:56Z">
      <class name="cleverZoneTest">
        <test-method status="PASS" signature="T_FAnswer(java.lang.String)[pri:0, instance:cleverZoneTest@174d20a]" name="T_FAnswer" duration-ms="1730" started-at="2017-03-11T20:15:54Z" data-provider="data" finished-at="2017-03-11T20:15:56Z">
          <params>
            <param index="0">
              <value>
                <![CDATA[true]]>
              </value>
            </param>
          </params>
          <reporter-output>
          </reporter-output>
        </test-method> <!-- T_FAnswer -->
        <test-method status="PASS" signature="T_FAnswer(java.lang.String)[pri:0, instance:cleverZoneTest@174d20a]" name="T_FAnswer" duration-ms="136" started-at="2017-03-11T20:15:56Z" data-provider="data" finished-at="2017-03-11T20:15:56Z">
          <params>
            <param index="0">
              <value>
                <![CDATA[True]]>
              </value>
            </param>
          </params>
          <reporter-output>
          </reporter-output>
        </test-method> <!-- T_FAnswer -->
        <test-method status="PASS" signature="T_FAnswer(java.lang.String)[pri:0, instance:cleverZoneTest@174d20a]" name="T_FAnswer" duration-ms="111" started-at="2017-03-11T20:15:56Z" data-provider="data" finished-at="2017-03-11T20:15:56Z">
          <params>
            <param index="0">
              <value>
                <![CDATA[false]]>
              </value>
            </param>
          </params>
          <reporter-output>
          </reporter-output>
        </test-method> <!-- T_FAnswer -->
        <test-method status="PASS" signature="T_FAnswer(java.lang.String)[pri:0, instance:cleverZoneTest@174d20a]" name="T_FAnswer" duration-ms="133" started-at="2017-03-11T20:15:56Z" data-provider="data" finished-at="2017-03-11T20:15:56Z">
          <params>
            <param index="0">
              <value>
                <![CDATA[False]]>
              </value>
            </param>
          </params>
          <reporter-output>
          </reporter-output>
        </test-method> <!-- T_FAnswer -->
        <test-method status="FAIL" signature="T_FAnswer(java.lang.String)[pri:0, instance:cleverZoneTest@174d20a]" name="T_FAnswer" duration-ms="100" started-at="2017-03-11T20:15:56Z" data-provider="data" finished-at="2017-03-11T20:15:56Z">
          <params>
            <param index="0">
              <value>
                <![CDATA[Nothing]]>
              </value>
            </param>
          </params>
          <exception class="java.lang.AssertionError">
            <full-stacktrace>
              <![CDATA[java.lang.AssertionError
	at cleverZoneTest.T_FAnswer(cleverZoneTest.java:22)
	at sun.reflect.NativeMethodAccessorImpl.invoke0(Native Method)
	at sun.reflect.NativeMethodAccessorImpl.invoke(Unknown Source)
	at sun.reflect.DelegatingMethodAccessorImpl.invoke(Unknown Source)
	at java.lang.reflect.Method.invoke(Unknown Source)
	at org.testng.internal.MethodInvocationHelper.invokeMethod(MethodInvocationHelper.java:104)
	at org.testng.internal.Invoker.invokeMethod(Invoker.java:645)
	at org.testng.internal.Invoker.invokeTestMethod(Invoker.java:851)
	at org.testng.internal.Invoker.invokeTestMethods(Invoker.java:1177)
	at org.testng.internal.TestMethodWorker.invokeTestMethods(TestMethodWorker.java:129)
	at org.testng.internal.TestMethodWorker.run(TestMethodWorker.java:112)
	at org.testng.TestRunner.privateRun(TestRunner.java:756)
	at org.testng.TestRunner.run(TestRunner.java:610)
	at org.testng.SuiteRunner.runTest(SuiteRunner.java:387)
	at org.testng.SuiteRunner.runSequentially(SuiteRunner.java:382)
	at org.testng.SuiteRunner.privateRun(SuiteRunner.java:340)
	at org.testng.SuiteRunner.run(SuiteRunner.java:289)
	at org.testng.SuiteRunnerWorker.runSuite(SuiteRunnerWorker.java:52)
	at org.testng.SuiteRunnerWorker.run(SuiteRunnerWorker.java:86)
	at org.testng.TestNG.runSuitesSequentially(TestNG.java:1293)
	at org.testng.TestNG.runSuitesLocally(TestNG.java:1218)
	at org.testng.TestNG.runSuites(TestNG.java:1133)
	at org.testng.TestNG.run(TestNG.java:1104)
	at org.testng.remote.AbstractRemoteTestNG.run(AbstractRemoteTestNG.java:132)
	at org.testng.remote.RemoteTestNG.initAndRun(RemoteTestNG.java:236)
	at org.testng.remote.RemoteTestNG.main(RemoteTestNG.java:81)
]]>
            </full-stacktrace>
          </exception> <!-- java.lang.AssertionError -->
          <reporter-output>
          </reporter-output>
        </test-method> <!-- T_FAnswer -->
        <test-method status="PASS" signature="T_FAnswer(java.lang.String)[pri:0, instance:cleverZoneTest@174d20a]" name="T_FAnswer" duration-ms="102" started-at="2017-03-11T20:15:56Z" data-provider="data" finished-at="2017-03-11T20:15:56Z">
          <params>
            <param index="0">
              <value>
                <![CDATA[Fire]]>
              </value>
            </param>
          </params>
          <reporter-output>
          </reporter-output>
        </test-method> <!-- T_FAnswer -->
        <test-method status="PASS" signature="T_FAnswer(java.lang.String)[pri:0, instance:cleverZoneTest@174d20a]" name="T_FAnswer" duration-ms="91" started-at="2017-03-11T20:15:56Z" data-provider="data" finished-at="2017-03-11T20:15:56Z">
          <params>
            <param index="0">
              <value>
                <![CDATA[Train]]>
              </value>
            </param>
          </params>
          <reporter-output>
          </reporter-output>
        </test-method> <!-- T_FAnswer -->
      </class> <!-- cleverZoneTest -->
    </test> <!-- Default test -->
  </suite> <!-- Default suite -->
</testng-results>
